<?xml version="1.0" encoding="UTF-8"?>
<beans xmlns="http://www.springframework.org/schema/beans"
	xmlns:xsi="http://www.w3.org/2001/XMLSchema-instance"
	xmlns:context="http://www.springframework.org/schema/context"
	xmlns:websocket="http://www.springframework.org/schema/websocket"
	xmlns:security="http://www.springframework.org/schema/security"
	xsi:schemaLocation="http://www.springframework.org/schema/security http://www.springframework.org/schema/security/spring-security-3.2.xsd
		http://www.springframework.org/schema/websocket http://www.springframework.org/schema/websocket/spring-websocket-4.0.xsd
		http://www.springframework.org/schema/beans http://www.springframework.org/schema/beans/spring-beans.xsd
		http://www.springframework.org/schema/context http://www.springframework.org/schema/context/spring-context-4.0.xsd">

	<bean id="sessionService" class="de.thm.arsnova.services.SessionService">
		<property name="databaseDao" ref="databaseDao" />
	</bean>
	
	<bean id="databaseDao" class="de.thm.arsnova.dao.StubDatabaseDao">
	</bean>

	<bean id="userService" class="de.thm.arsnova.services.StubUserService" />
	
	<bean class="org.springframework.beans.factory.config.CustomScopeConfigurer">
    <property name="scopes">
        <map>
            <entry key="session">
                <bean class="org.springframework.context.support.SimpleThreadScope"/>
            </entry>
        </map>
    </property>
	</bean>
	
	<security:authentication-manager>
		<security:authentication-provider>
			<security:user-service>
				<security:user name="ptsr00" password="secret" authorities=""/>
			</security:user-service>
		</security:authentication-provider>
	</security:authentication-manager>
</beans>
